<?xml version="1.0" encoding="UTF-8"?>
<!-- Generated by org.testng.reporters.JUnitXMLReporter -->
<testsuite hostname="DESKTOP-VC14B0M" failures="0" tests="3" name="Default test" time="0.022" errors="0" timestamp="19 Jul 2022 05:10:11 GMT">
  <testcase classname="vtiger.VtigerTest" name="CreateContactsTest" time="0.008"/>
  <testcase classname="vtiger.VtigerTest" name="CreateOrganisationTest" time="0.001"/>
  <testcase classname="vtiger.VtigerTest" name="CreateProductsTest" time="0.0"/>
</testsuite> <!-- Default test -->
