<?xml version="1.0" encoding="UTF-8"?>
<testng-results total="3" passed="3" failed="0" skipped="0">
  <reporter-output>
  </reporter-output>
  <suite started-at="2022-07-19T05:10:10Z" name="Default suite" finished-at="2022-07-19T05:10:10Z" duration-ms="22">
    <groups>
    </groups>
    <test started-at="2022-07-19T05:10:10Z" name="Default test" finished-at="2022-07-19T05:10:10Z" duration-ms="22">
      <class name="vtiger.VtigerTest">
        <test-method signature="CreateContactsTest()[pri:0, instance:vtiger.VtigerTest@282cb7c7]" started-at="2022-07-19T10:40:10Z" name="CreateContactsTest" finished-at="2022-07-19T10:40:10Z" duration-ms="8" status="PASS">
          <reporter-output>
          </reporter-output>
        </test-method> <!-- CreateContactsTest -->
        <test-method signature="CreateOrganisationTest()[pri:0, instance:vtiger.VtigerTest@282cb7c7]" started-at="2022-07-19T10:40:10Z" name="CreateOrganisationTest" finished-at="2022-07-19T10:40:10Z" duration-ms="1" status="PASS">
          <reporter-output>
          </reporter-output>
        </test-method> <!-- CreateOrganisationTest -->
        <test-method signature="CreateProductsTest()[pri:0, instance:vtiger.VtigerTest@282cb7c7]" started-at="2022-07-19T10:40:10Z" name="CreateProductsTest" finished-at="2022-07-19T10:40:10Z" duration-ms="0" status="PASS">
          <reporter-output>
          </reporter-output>
        </test-method> <!-- CreateProductsTest -->
      </class> <!-- vtiger.VtigerTest -->
    </test> <!-- Default test -->
  </suite> <!-- Default suite -->
</testng-results>
